# JRE version: Java(TM) SE Runtime Environment (8.0_05-b13) (build 1.8.0_05-b13)
# Java VM: Java HotSpot(TM) 64-Bit Server VM (25.5-b02 mixed mode windows-amd64 compressed oops)
Heap:
 PSYoungGen      total 56832K, used 19364K [0x00000007bc400000, 0x00000007c0000000, 0x00000007c0000000)
  eden space 52224K, 33% used [0x00000007bc400000,0x00000007bd54d180,0x00000007bf700000)
  from space 4608K, 35% used [0x00000007bfb80000,0x00000007bfd1c010,0x00000007c0000000)
  to   space 4608K, 0% used [0x00000007bf700000,0x00000007bf700000,0x00000007bfb80000)
 ParOldGen       total 167936K, used 116093K [0x0000000700000000, 0x000000070a400000, 0x00000007bc400000)
  object space 167936K, 69% used [0x0000000700000000,0x000000070715f430,0x000000070a400000)
 Metaspace       used 71519K, capacity 71945K, committed 72320K, reserved 1110016K
  class space    used 10774K, capacity 10859K, committed 10880K, reserved 1048576K
GC Heap History (10 events):
Event: 17657.286 GC heap before
{Heap before GC invocations=319 (full 23):
 PSYoungGen      total 55808K, used 50368K [0x00000007bc400000, 0x00000007c0000000, 0x00000007c0000000)
  eden space 50176K, 100% used [0x00000007bc400000,0x00000007bf500000,0x00000007bf500000)
  from space 5632K, 3% used [0x00000007bf500000,0x00000007bf530000,0x00000007bfa80000)
  to   space 5632K, 0% used [0x00000007bfa80000,0x00000007bfa80000,0x00000007c0000000)
 ParOldGen       total 167936K, used 114864K [0x0000000700000000, 0x000000070a400000, 0x00000007bc400000)
  object space 167936K, 68% used [0x0000000700000000,0x000000070702c020,0x000000070a400000)
 Metaspace       used 70334K, capacity 70793K, committed 71168K, reserved 1110016K
  class space    used 10635K, capacity 10731K, committed 10752K, reserved 1048576K
Event: 17657.289 GC heap after
Heap after GC invocations=319 (full 23):
 PSYoungGen      total 55808K, used 288K [0x00000007bc400000, 0x00000007c0000000, 0x00000007c0000000)
  eden space 50176K, 0% used [0x00000007bc400000,0x00000007bc400000,0x00000007bf500000)
  from space 5632K, 5% used [0x00000007bfa80000,0x00000007bfac8000,0x00000007c0000000)
  to   space 5632K, 0% used [0x00000007bf500000,0x00000007bf500000,0x00000007bfa80000)
 ParOldGen       total 167936K, used 114896K [0x0000000700000000, 0x000000070a400000, 0x00000007bc400000)
  object space 167936K, 68% used [0x0000000700000000,0x0000000707034020,0x000000070a400000)
 Metaspace       used 70334K, capacity 70793K, committed 71168K, reserved 1110016K
  class space    used 10635K, capacity 10731K, committed 10752K, reserved 1048576K
}
Event: 17658.227 GC heap before
{Heap before GC invocations=320 (full 23):
 PSYoungGen      total 55808K, used 50464K [0x00000007bc400000, 0x00000007c0000000, 0x00000007c0000000)
  eden space 50176K, 100% used [0x00000007bc400000,0x00000007bf500000,0x00000007bf500000)
  from space 5632K, 5% used [0x00000007bfa80000,0x00000007bfac8000,0x00000007c0000000)
  to   space 5632K, 0% used [0x00000007bf500000,0x00000007bf500000,0x00000007bfa80000)
 ParOldGen       total 167936K, used 114896K [0x0000000700000000, 0x000000070a400000, 0x00000007bc400000)
  object space 167936K, 68% used [0x0000000700000000,0x0000000707034020,0x000000070a400000)
 Metaspace       used 70334K, capacity 70793K, committed 71168K, reserved 1110016K
  class space    used 10635K, capacity 10731K, committed 10752K, reserved 1048576K
Event: 17658.230 GC heap after
Heap after GC invocations=320 (full 23):
 PSYoungGen      total 55808K, used 691K [0x00000007bc400000, 0x00000007c0000000, 0x00000007c0000000)
  eden space 50176K, 0% used [0x00000007bc400000,0x00000007bc400000,0x00000007bf500000)
  from space 5632K, 12% used [0x00000007bf500000,0x00000007bf5acdd8,0x00000007bfa80000)
  to   space 5120K, 0% used [0x00000007bfb00000,0x00000007bfb00000,0x00000007c0000000)
 ParOldGen       total 167936K, used 114928K [0x0000000700000000, 0x000000070a400000, 0x00000007bc400000)
  object space 167936K, 68% used [0x0000000700000000,0x000000070703c020,0x000000070a400000)
 Metaspace       used 70334K, capacity 70793K, committed 71168K, reserved 1110016K
  class space    used 10635K, capacity 10731K, committed 10752K, reserved 1048576K
}
Event: 17659.785 GC heap before
{Heap before GC invocations=321 (full 23):
 PSYoungGen      total 55808K, used 50867K [0x00000007bc400000, 0x00000007c0000000, 0x00000007c0000000)
  eden space 50176K, 100% used [0x00000007bc400000,0x00000007bf500000,0x00000007bf500000)
  from space 5632K, 12% used [0x00000007bf500000,0x00000007bf5acdd8,0x00000007bfa80000)
  to   space 5120K, 0% used [0x00000007bfb00000,0x00000007bfb00000,0x00000007c0000000)
 ParOldGen       total 167936K, used 114928K [0x0000000700000000, 0x000000070a400000, 0x00000007bc400000)
  object space 167936K, 68% used [0x0000000700000000,0x000000070703c020,0x000000070a400000)
 Metaspace       used 70334K, capacity 70793K, committed 71168K, reserved 1110016K
  class space    used 10635K, capacity 10731K, committed 10752K, reserved 1048576K
Event: 17659.788 GC heap after
Heap after GC invocations=321 (full 23):
 PSYoungGen      total 56320K, used 544K [0x00000007bc400000, 0x00000007c0000000, 0x00000007c0000000)
  eden space 51200K, 0% used [0x00000007bc400000,0x00000007bc400000,0x00000007bf600000)
  from space 5120K, 10% used [0x00000007bfb00000,0x00000007bfb88130,0x00000007c0000000)
  to   space 5120K, 0% used [0x00000007bf600000,0x00000007bf600000,0x00000007bfb00000)
 ParOldGen       total 167936K, used 115359K [0x0000000700000000, 0x000000070a400000, 0x00000007bc400000)
  object space 167936K, 68% used [0x0000000700000000,0x00000007070a7f70,0x000000070a400000)
 Metaspace       used 70334K, capacity 70793K, committed 71168K, reserved 1110016K
  class space    used 10635K, capacity 10731K, committed 10752K, reserved 1048576K
}
Event: 17660.765 GC heap before
{Heap before GC invocations=322 (full 23):
 PSYoungGen      total 56320K, used 51744K [0x00000007bc400000, 0x00000007c0000000, 0x00000007c0000000)
  eden space 51200K, 100% used [0x00000007bc400000,0x00000007bf600000,0x00000007bf600000)
  from space 5120K, 10% used [0x00000007bfb00000,0x00000007bfb88130,0x00000007c0000000)
  to   space 5120K, 0% used [0x00000007bf600000,0x00000007bf600000,0x00000007bfb00000)
 ParOldGen       total 167936K, used 115359K [0x0000000700000000, 0x000000070a400000, 0x00000007bc400000)
  object space 167936K, 68% used [0x0000000700000000,0x00000007070a7f70,0x000000070a400000)
 Metaspace       used 71345K, capacity 71785K, committed 72320K, reserved 1110016K
  class space    used 10750K, capacity 10827K, committed 10880K, reserved 1048576K
Event: 17660.769 GC heap after
Heap after GC invocations=322 (full 23):
 PSYoungGen      total 56320K, used 1518K [0x00000007bc400000, 0x00000007c0000000, 0x00000007c0000000)
  eden space 51200K, 0% used [0x00000007bc400000,0x00000007bc400000,0x00000007bf600000)
  from space 5120K, 29% used [0x00000007bf600000,0x00000007bf77b8d8,0x00000007bfb00000)
  to   space 4608K, 0% used [0x00000007bfb80000,0x00000007bfb80000,0x00000007c0000000)
 ParOldGen       total 167936K, used 115509K [0x0000000700000000, 0x000000070a400000, 0x00000007bc400000)
  object space 167936K, 68% used [0x0000000700000000,0x00000007070cd4c0,0x000000070a400000)
 Metaspace       used 71345K, capacity 71785K, committed 72320K, reserved 1110016K
  class space    used 10750K, capacity 10827K, committed 10880K, reserved 1048576K
}
Event: 17660.988 GC heap before
{Heap before GC invocations=323 (full 23):
 PSYoungGen      total 56320K, used 52718K [0x00000007bc400000, 0x00000007c0000000, 0x00000007c0000000)
  eden space 51200K, 100% used [0x00000007bc400000,0x00000007bf600000,0x00000007bf600000)
  from space 5120K, 29% used [0x00000007bf600000,0x00000007bf77b8d8,0x00000007bfb00000)
  to   space 4608K, 0% used [0x00000007bfb80000,0x00000007bfb80000,0x00000007c0000000)
 ParOldGen       total 167936K, used 115509K [0x0000000700000000, 0x000000070a400000, 0x00000007bc400000)
  object space 167936K, 68% used [0x0000000700000000,0x00000007070cd4c0,0x000000070a400000)
 Metaspace       used 71513K, capacity 71945K, committed 72320K, reserved 1110016K
  class space    used 10772K, capacity 10859K, committed 10880K, reserved 1048576K
Event: 17660.992 GC heap after
Heap after GC invocations=323 (full 23):
 PSYoungGen      total 56832K, used 1648K [0x00000007bc400000, 0x00000007c0000000, 0x00000007c0000000)
  eden space 52224K, 0% used [0x00000007bc400000,0x00000007bc400000,0x00000007bf700000)
  from space 4608K, 35% used [0x00000007bfb80000,0x00000007bfd1c010,0x00000007c0000000)
  to   space 4608K, 0% used [0x00000007bf700000,0x00000007bf700000,0x00000007bfb80000)
 ParOldGen       total 167936K, used 116093K [0x0000000700000000, 0x000000070a400000, 0x00000007bc400000)
  object space 167936K, 69% used [0x0000000700000000,0x000000070715f430,0x000000070a400000)
 Metaspace       used 71513K, capacity 71945K, committed 72320K, reserved 1110016K
  class space    used 10772K, capacity 10859K, committed 10880K, reserved 1048576K
}

